<?xml version="1.0" encoding="UTF-8"?>
<!-- Generated by org.testng.reporters.JUnitReportReporter -->
<testsuite hostname="DESKTOP-DKSEVLQ" failures="0" tests="1" name="com.testautomation.apitesting.tests.PostAPIRequestUsingFile" time="7.814" errors="0" timestamp="2025-03-13T12:28:23 IST" skipped="0">
  <testcase classname="com.testautomation.apitesting.tests.PostAPIRequestUsingFile" name="postAPIRequest" time="7.814"/>
  <system-out/>
</testsuite> <!-- com.testautomation.apitesting.tests.PostAPIRequestUsingFile -->
