<?xml version="1.0" encoding="UTF-8"?>
<!-- Generated by org.testng.reporters.JUnitReportReporter -->
<testsuite hostname="DESKTOP-DKSEVLQ" failures="0" tests="2" name="Basics.ORequestSpecification" time="0.212" errors="0" timestamp="2025-03-13T14:50:24 IST" skipped="0">
  <testcase classname="Basics.ORequestSpecification" name="getAllBookings" time="0.159"/>
  <system-out/>
  <testcase classname="Basics.ORequestSpecification" name="getBookingDetailsWithInvalidFirstName" time="0.053"/>
  <system-out/>
</testsuite> <!-- Basics.ORequestSpecification -->
