<?xml version="1.0" encoding="UTF-8"?>
<!-- Generated by org.testng.reporters.JUnitReportReporter -->
<testsuite hostname="DESKTOP-DKSEVLQ" failures="0" tests="1" name="Basics.PUT_BOTH_BDD_AND_NON_BDD" time="12.207" errors="0" timestamp="2025-03-12T16:37:27 IST" skipped="0">
  <testcase classname="Basics.PUT_BOTH_BDD_AND_NON_BDD" name="OK" time="12.207"/>
  <system-out/>
</testsuite> <!-- Basics.PUT_BOTH_BDD_AND_NON_BDD -->
