<?xml version="1.0" encoding="UTF-8"?>
<!-- Generated by org.testng.reporters.JUnitReportReporter -->
<testsuite hostname="DESKTOP-DKSEVLQ" failures="0" tests="1" name="Seventh_week.Json_Array" time="0.021" errors="0" timestamp="2025-03-17T14:37:48 IST" skipped="0">
  <testcase classname="Seventh_week.Json_Array" name="passBodyAsJsonArray" time="0.021"/>
  <system-out/>
</testsuite> <!-- Seventh_week.Json_Array -->
