<?xml version="1.0" encoding="UTF-8"?>
<!-- Generated by org.testng.reporters.JUnitReportReporter -->
<testsuite hostname="DESKTOP-DKSEVLQ" failures="0" tests="1" name="Basics.NON_BDD_POST_Request" time="7.256" errors="0" timestamp="2025-03-12T16:56:49 IST" skipped="0">
  <testcase classname="Basics.NON_BDD_POST_Request" name="OK" time="7.256"/>
  <system-out/>
</testsuite> <!-- Basics.NON_BDD_POST_Request -->
