<?xml version="1.0" encoding="UTF-8"?>
<!-- Generated by org.testng.reporters.JUnitReportReporter -->
<testsuite hostname="DESKTOP-DKSEVLQ" failures="0" tests="1" name="com.api.tests.LoginAPITest" time="7.379" errors="0" timestamp="2025-03-12T16:55:08 IST" skipped="0">
  <testcase classname="com.api.tests.LoginAPITest" name="Login" time="7.379"/>
  <system-out/>
</testsuite> <!-- com.api.tests.LoginAPITest -->
