<?xml version="1.0" encoding="UTF-8"?>
<!-- Generated by org.testng.reporters.JUnitReportReporter -->
<testsuite hostname="DESKTOP-DKSEVLQ" failures="0" tests="1" name="Basics.Extract_KeyWord" time="10.127" errors="0" timestamp="2025-03-13T10:34:48 IST" skipped="0">
  <testcase classname="Basics.Extract_KeyWord" name="hello" time="10.127"/>
  <system-out/>
</testsuite> <!-- Basics.Extract_KeyWord -->
