<?xml version="1.0" encoding="UTF-8"?>
<!-- Generated by org.testng.reporters.JUnitReportReporter -->
<testsuite hostname="DESKTOP-DKSEVLQ" failures="0" tests="1" name="Seventh_week.Java_Map" time="4.766" errors="0" timestamp="2025-03-17T12:29:42 IST" skipped="0">
  <testcase classname="Seventh_week.Java_Map" name="passBodyAsMap" time="4.766"/>
  <system-out/>
</testsuite> <!-- Seventh_week.Java_Map -->
