<?xml version="1.0" encoding="UTF-8"?>
<!-- Generated by org.testng.reporters.JUnitReportReporter -->
<testsuite hostname="DESKTOP-DKSEVLQ" failures="0" tests="1" name="Basics.BDD" time="5.804" errors="0" timestamp="2025-03-12T16:53:47 IST" skipped="0">
  <testcase classname="Basics.BDD" name="test_Test" time="5.804"/>
  <system-out/>
</testsuite> <!-- Basics.BDD -->
