<?xml version="1.0" encoding="UTF-8"?>
<!-- Generated by org.testng.reporters.JUnitReportReporter -->
<testsuite hostname="DESKTOP-DKSEVLQ" failures="0" tests="1" name="com.api.tests.PostAPIRequestUsingPojos" time="10.295" errors="1" timestamp="2025-03-17T10:55:19 IST" skipped="0">
  <testcase classname="com.api.tests.PostAPIRequestUsingPojos" name="postAPIRequest" time="10.295">
    <error message="com.fasterxml.jackson.core.JsonParseException: no JSON Text to read from input
 at [Source: REDACTED (`StreamReadFeature.INCLUDE_SOURCE_IN_LOCATION` disabled); line: 1, column: 1]" type="io.restassured.module.jsv.JsonSchemaValidationException">
      <![CDATA[io.restassured.module.jsv.JsonSchemaValidationException: com.fasterxml.jackson.core.JsonParseException: no JSON Text to read from input
 at [Source: REDACTED (`StreamReadFeature.INCLUDE_SOURCE_IN_LOCATION` disabled); line: 1, column: 1]
at io.restassured.module.jsv.JsonSchemaValidator$JsonSchemaValidatorFactory.create(JsonSchemaValidator.java:286)
at io.restassured.module.jsv.JsonSchemaValidator.matchesJsonSchema(JsonSchemaValidator.java:107)
at com.api.tests.PostAPIRequestUsingPojos.postAPIRequest(PostAPIRequestUsingPojos.java:71)
at java.base/jdk.internal.reflect.NativeMethodAccessorImpl.invoke0(Native Method)
at java.base/jdk.internal.reflect.NativeMethodAccessorImpl.invoke(NativeMethodAccessorImpl.java:77)
at java.base/jdk.internal.reflect.DelegatingMethodAccessorImpl.invoke(DelegatingMethodAccessorImpl.java:43)
at java.base/java.lang.reflect.Method.invoke(Method.java:568)
at org.testng.internal.MethodInvocationHelper.invokeMethod(MethodInvocationHelper.java:133)
at org.testng.internal.TestInvoker.invokeMethod(TestInvoker.java:598)
at org.testng.internal.TestInvoker.invokeTestMethod(TestInvoker.java:173)
at org.testng.internal.MethodRunner.runInSequence(MethodRunner.java:46)
at org.testng.internal.TestInvoker$MethodInvocationAgent.invoke(TestInvoker.java:824)
at org.testng.internal.TestInvoker.invokeTestMethods(TestInvoker.java:146)
at org.testng.internal.TestMethodWorker.invokeTestMethods(TestMethodWorker.java:146)
at org.testng.internal.TestMethodWorker.run(TestMethodWorker.java:128)
at java.base/java.util.ArrayList.forEach(ArrayList.java:1511)
at org.testng.TestRunner.privateRun(TestRunner.java:794)
at org.testng.TestRunner.run(TestRunner.java:596)
at org.testng.SuiteRunner.runTest(SuiteRunner.java:377)
at org.testng.SuiteRunner.runSequentially(SuiteRunner.java:371)
at org.testng.SuiteRunner.privateRun(SuiteRunner.java:332)
at org.testng.SuiteRunner.run(SuiteRunner.java:276)
at org.testng.SuiteRunnerWorker.runSuite(SuiteRunnerWorker.java:53)
at org.testng.SuiteRunnerWorker.run(SuiteRunnerWorker.java:96)
at org.testng.TestNG.runSuitesSequentially(TestNG.java:1212)
at org.testng.TestNG.runSuitesLocally(TestNG.java:1134)
at org.testng.TestNG.runSuites(TestNG.java:1063)
at org.testng.TestNG.run(TestNG.java:1031)
at org.testng.remote.AbstractRemoteTestNG.run(AbstractRemoteTestNG.java:115)
at org.testng.remote.RemoteTestNG.initAndRun(RemoteTestNG.java:293)
at org.testng.remote.RemoteTestNG.main(RemoteTestNG.java:91)
Caused by: com.fasterxml.jackson.core.JsonParseException: no JSON Text to read from input
 at [Source: REDACTED (`StreamReadFeature.INCLUDE_SOURCE_IN_LOCATION` disabled); line: 1, column: 1]
at com.github.fge.jackson.JsonNodeReader$JsonParseExceptionBuilder.build(JsonNodeReader.java:198)
at com.github.fge.jackson.JsonNodeReader.readNode(JsonNodeReader.java:150)
at com.github.fge.jackson.JsonNodeReader.fromReader(JsonNodeReader.java:129)
at com.github.fge.jackson.JsonLoader.fromReader(JsonLoader.java:186)
at com.github.fge.jackson.JsonLoader.fromString(JsonLoader.java:199)
at io.restassured.module.jsv.JsonSchemaValidator$1.createSchemaInstance(JsonSchemaValidator.java:105)
at io.restassured.module.jsv.JsonSchemaValidator$1.createSchemaInstance(JsonSchemaValidator.java:102)
at io.restassured.module.jsv.JsonSchemaValidator$JsonSchemaValidatorFactory.create(JsonSchemaValidator.java:284)
... 30 more
]]>
    </error>
  </testcase> <!-- postAPIRequest -->
  <system-out/>
</testsuite> <!-- com.api.tests.PostAPIRequestUsingPojos -->
