<?xml version="1.0" encoding="UTF-8"?>
<!-- Generated by org.testng.reporters.JUnitReportReporter -->
<testsuite hostname="DESKTOP-DKSEVLQ" failures="0" tests="1" name="Basics.BDD_STYLE_POST" time="6.333" errors="0" timestamp="2025-03-12T16:57:23 IST" skipped="0">
  <testcase classname="Basics.BDD_STYLE_POST" name="NOO" time="6.333"/>
  <system-out/>
</testsuite> <!-- Basics.BDD_STYLE_POST -->
