<?xml version="1.0" encoding="UTF-8"?>
<!-- Generated by org.testng.reporters.JUnitReportReporter -->
<testsuite hostname="DESKTOP-DKSEVLQ" failures="0" tests="1" name="Basics.Creating_Booking" time="9.788" errors="0" timestamp="2025-03-13T12:26:57 IST" skipped="0">
  <testcase classname="Basics.Creating_Booking" name="hello" time="9.788"/>
  <system-out/>
</testsuite> <!-- Basics.Creating_Booking -->
