<?xml version="1.0" encoding="UTF-8"?>
<!-- Generated by org.testng.reporters.JUnitReportReporter -->
<testsuite hostname="DESKTOP-DKSEVLQ" failures="0" tests="1" name="ZapTest" time="46.886" errors="0" timestamp="2025-03-28T16:59:48 IST" skipped="0">
  <testcase classname="ZapTest" name="testActiveScan" time="46.886"/>
  <system-out/>
</testsuite> <!-- ZapTest -->
