<?xml version="1.0" encoding="UTF-8"?>
<!-- Generated by org.testng.reporters.JUnitReportReporter -->
<testsuite hostname="DESKTOP-DKSEVLQ" failures="0" tests="1" name="testCases.TC001_AccountRegistrationTest" time="5.802" errors="0" timestamp="2025-03-04T16:24:11 IST" skipped="0">
  <testcase classname="testCases.TC001_AccountRegistrationTest" name="verify_account_reg" time="5.802"/>
  <system-out/>
</testsuite> <!-- testCases.TC001_AccountRegistrationTest -->
