<?xml version="1.0" encoding="UTF-8"?>
<!-- Generated by org.testng.reporters.JUnitReportReporter -->
<testsuite hostname="DESKTOP-DKSEVLQ" failures="0" tests="1" name="Monday_INITIAL.First" time="0.014" errors="0" timestamp="2025-03-03T16:01:53 IST" skipped="0">
  <testcase classname="Monday_INITIAL.First" name="OK" time="0.014"/>
  <system-out/>
</testsuite> <!-- Monday_INITIAL.First -->
