<?xml version="1.0" encoding="UTF-8"?>
<!-- Generated by org.testng.reporters.JUnitReportReporter -->
<testsuite hostname="DESKTOP-DKSEVLQ" failures="0" tests="1" name="Monday.Parellel_Testing_Parameters" time="4.425" errors="0" timestamp="2025-03-03T11:25:02 IST" skipped="0">
  <testcase classname="Monday.Parellel_Testing_Parameters" name="test_Login" time="4.425"/>
  <system-out/>
</testsuite> <!-- Monday.Parellel_Testing_Parameters -->
