<?xml version="1.0" encoding="UTF-8"?>
<!-- Generated by org.testng.reporters.JUnitReportReporter -->
<testsuite hostname="DESKTOP-DKSEVLQ" failures="0" tests="3" name="Monday_INITIAL.Zeorth" time="0.018" errors="0" timestamp="2025-03-03T16:00:57 IST" skipped="0">
  <testcase classname="Monday_INITIAL.Zeorth" name="LogOut" time="0.013"/>
  <system-out/>
  <testcase classname="Monday_INITIAL.Zeorth" name="Login" time="0.002"/>
  <system-out/>
  <testcase classname="Monday_INITIAL.Zeorth" name="Register" time="0.003"/>
  <system-out/>
</testsuite> <!-- Monday_INITIAL.Zeorth -->
