<?xml version="1.0" encoding="UTF-8"?>
<!-- Generated by org.testng.reporters.JUnitReportReporter -->
<testsuite hostname="DESKTOP-DKSEVLQ" failures="0" tests="1" name="ZapTest" time="1151.017" errors="0" timestamp="2025-03-24T22:17:41 IST" skipped="0">
  <testcase classname="ZapTest" name="testSpider" time="1151.017"/>
  <system-out/>
</testsuite> <!-- ZapTest -->
