<?xml version="1.0" encoding="UTF-8"?>
<!-- Generated by org.testng.reporters.JUnitReportReporter -->
<testsuite hostname="DESKTOP-DKSEVLQ" failures="0" tests="1" name="ZapTest" time="4.683" errors="0" timestamp="2025-03-28T15:33:16 IST" skipped="0">
  <testcase classname="ZapTest" name="testPassiveScan" time="4.683"/>
  <system-out/>
</testsuite> <!-- ZapTest -->
